The system is: Windows - 10.0.17134 - AMD64
Compiling the C compiler identification source file "CMakeCCompilerId.c" succeeded.
Compiler: C:/Program Files (x86)/Microsoft Visual Studio/2017/Enterprise/VC/Tools/MSVC/14.16.27023/bin/Hostx86/x86/cl.exe 
Build flags: 
Id flags:  

The output was:
0
Microsoft (R) C/C++ Optimizing Compiler Version 19.16.27023.1 for x86
Copyright (C) Microsoft Corporation.  All rights reserved.

CMakeCCompilerId.c
Microsoft (R) Incremental Linker Version 14.16.27023.1
Copyright (C) Microsoft Corporation.  All rights reserved.

/out:CMakeCCompilerId.exe 
CMakeCCompilerId.obj 


Compilation of the C compiler identification source "CMakeCCompilerId.c" produced "CMakeCCompilerId.exe"

Compilation of the C compiler identification source "CMakeCCompilerId.c" produced "CMakeCCompilerId.obj"

The C compiler identification is MSVC, found in "C:/Users/lipat/CLionProjects/LearnC/cmake-build-debug/CMakeFiles/3.12.0/CompilerIdC/CMakeCCompilerId.exe"

Determining if the C compiler works passed with the following output:
Change Dir: C:/Users/lipat/CLionProjects/LearnC/cmake-build-debug/CMakeFiles/CMakeTmp

Run Build Command:"nmake" "/nologo" "cmTC_631a6\fast"
	"C:\Program Files (x86)\Microsoft Visual Studio\2017\Enterprise\VC\Tools\MSVC\14.16.27023\bin\HostX86\x86\nmake.exe" -f CMakeFiles\cmTC_631a6.dir\build.make /nologo -L                  CMakeFiles\cmTC_631a6.dir\build
Building C object CMakeFiles/cmTC_631a6.dir/testCCompiler.c.obj
	C:\PROGRA~2\MICROS~4\2017\ENTERP~1\VC\Tools\MSVC\1416~1.270\bin\Hostx86\x86\cl.exe @C:\Users\lipat\AppData\Local\Temp\nm602.tmp
testCCompiler.c
Linking C executable cmTC_631a6.exe
	"C:\Program Files\JetBrains\CLion 2018.2\bin\cmake\win\bin\cmake.exe" -E vs_link_exe --intdir=CMakeFiles\cmTC_631a6.dir --manifests  -- C:\PROGRA~2\MICROS~4\2017\ENTERP~1\VC\Tools\MSVC\1416~1.270\bin\Hostx86\x86\link.exe /nologo @CMakeFiles\cmTC_631a6.dir\objects1.rsp @C:\Users\lipat\AppData\Local\Temp\nm8F1.tmp


Detecting C compiler ABI info compiled with the following output:
Change Dir: C:/Users/lipat/CLionProjects/LearnC/cmake-build-debug/CMakeFiles/CMakeTmp

Run Build Command:"nmake" "/nologo" "cmTC_07e64\fast"
	"C:\Program Files (x86)\Microsoft Visual Studio\2017\Enterprise\VC\Tools\MSVC\14.16.27023\bin\HostX86\x86\nmake.exe" -f CMakeFiles\cmTC_07e64.dir\build.make /nologo -L                  CMakeFiles\cmTC_07e64.dir\build
Building C object CMakeFiles/cmTC_07e64.dir/CMakeCCompilerABI.c.obj
	C:\PROGRA~2\MICROS~4\2017\ENTERP~1\VC\Tools\MSVC\1416~1.270\bin\Hostx86\x86\cl.exe @C:\Users\lipat\AppData\Local\Temp\nm16EA.tmp
CMakeCCompilerABI.c
Linking C executable cmTC_07e64.exe
	"C:\Program Files\JetBrains\CLion 2018.2\bin\cmake\win\bin\cmake.exe" -E vs_link_exe --intdir=CMakeFiles\cmTC_07e64.dir --manifests  -- C:\PROGRA~2\MICROS~4\2017\ENTERP~1\VC\Tools\MSVC\1416~1.270\bin\Hostx86\x86\link.exe /nologo @CMakeFiles\cmTC_07e64.dir\objects1.rsp @C:\Users\lipat\AppData\Local\Temp\nm1AB4.tmp




Detecting C [] compiler features compiled with the following output:
Change Dir: C:/Users/lipat/CLionProjects/LearnC/cmake-build-debug/CMakeFiles/CMakeTmp

Run Build Command:"nmake" "/nologo" "cmTC_2bf73\fast"
	"C:\Program Files (x86)\Microsoft Visual Studio\2017\Enterprise\VC\Tools\MSVC\14.16.27023\bin\HostX86\x86\nmake.exe" -f CMakeFiles\cmTC_2bf73.dir\build.make /nologo -L                  CMakeFiles\cmTC_2bf73.dir\build
Building C object CMakeFiles/cmTC_2bf73.dir/feature_tests.c.obj
	C:\PROGRA~2\MICROS~4\2017\ENTERP~1\VC\Tools\MSVC\1416~1.270\bin\Hostx86\x86\cl.exe @C:\Users\lipat\AppData\Local\Temp\nm2467.tmp
feature_tests.c
Linking C executable cmTC_2bf73.exe
	"C:\Program Files\JetBrains\CLion 2018.2\bin\cmake\win\bin\cmake.exe" -E vs_link_exe --intdir=CMakeFiles\cmTC_2bf73.dir --manifests  -- C:\PROGRA~2\MICROS~4\2017\ENTERP~1\VC\Tools\MSVC\1416~1.270\bin\Hostx86\x86\link.exe /nologo @CMakeFiles\cmTC_2bf73.dir\objects1.rsp @C:\Users\lipat\AppData\Local\Temp\nm2562.tmp


    Feature record: C_FEATURE:1c_function_prototypes
    Feature record: C_FEATURE:1c_variadic_macros
